c:\users\irish\source\repos\lab3_oop_boychukiryna\lab3_oop_boychukiryna\debug\vc141.pdb
c:\users\irish\source\repos\lab3_oop_boychukiryna\lab3_oop_boychukiryna\debug\vc141.idb
c:\users\irish\source\repos\lab3_oop_boychukiryna\lab3_oop_boychukiryna\debug\basepointmethod.obj
c:\users\irish\source\repos\lab3_oop_boychukiryna\lab3_oop_boychukiryna\debug\convexhull.obj
c:\users\irish\source\repos\lab3_oop_boychukiryna\lab3_oop_boychukiryna\debug\point.obj
c:\users\irish\source\repos\lab3_oop_boychukiryna\lab3_oop_boychukiryna\debug\main.obj
c:\users\irish\source\repos\lab3_oop_boychukiryna\lab3_oop_boychukiryna\debug\delaunaytriangulation.obj
c:\users\irish\source\repos\lab3_oop_boychukiryna\debug\lab3_oop_boychukiryna.pdb
c:\users\irish\source\repos\lab3_oop_boychukiryna\lab3_oop_boychukiryna\debug\lab3_oop.276fc8a0.tlog\cl.command.1.tlog
c:\users\irish\source\repos\lab3_oop_boychukiryna\lab3_oop_boychukiryna\debug\lab3_oop.276fc8a0.tlog\cl.read.1.tlog
c:\users\irish\source\repos\lab3_oop_boychukiryna\lab3_oop_boychukiryna\debug\lab3_oop.276fc8a0.tlog\cl.write.1.tlog
c:\users\irish\source\repos\lab3_oop_boychukiryna\lab3_oop_boychukiryna\debug\lab3_oop.276fc8a0.tlog\link.3164-cvtres.read.1.tlog
c:\users\irish\source\repos\lab3_oop_boychukiryna\lab3_oop_boychukiryna\debug\lab3_oop.276fc8a0.tlog\link.3164-cvtres.write.1.tlog
c:\users\irish\source\repos\lab3_oop_boychukiryna\lab3_oop_boychukiryna\debug\lab3_oop.276fc8a0.tlog\link.3164-rc.read.1.tlog
c:\users\irish\source\repos\lab3_oop_boychukiryna\lab3_oop_boychukiryna\debug\lab3_oop.276fc8a0.tlog\link.3164-rc.write.1.tlog
c:\users\irish\source\repos\lab3_oop_boychukiryna\lab3_oop_boychukiryna\debug\lab3_oop.276fc8a0.tlog\link.3164.read.1.tlog
c:\users\irish\source\repos\lab3_oop_boychukiryna\lab3_oop_boychukiryna\debug\lab3_oop.276fc8a0.tlog\link.3164.write.1.tlog
c:\users\irish\source\repos\lab3_oop_boychukiryna\lab3_oop_boychukiryna\debug\lab3_oop.276fc8a0.tlog\link.command.1.tlog
c:\users\irish\source\repos\lab3_oop_boychukiryna\lab3_oop_boychukiryna\debug\lab3_oop.276fc8a0.tlog\link.read.1.tlog
c:\users\irish\source\repos\lab3_oop_boychukiryna\lab3_oop_boychukiryna\debug\lab3_oop.276fc8a0.tlog\link.write.1.tlog
